<?xml version="1.0" encoding="UTF-8"?>
<!-- Generated by org.testng.reporters.JUnitReportReporter -->
<testsuite errors="1" failures="0" hostname="LAPTOP-68TK8CI5"
           name="com.udemy.java.test.PriceTableTest" skipped="1"
           tests="2" time="0.092" timestamp="2023-07-29T20:37:41 BST">
    <testcase classname="com.udemy.java.test.PriceTableTest" name="setDriver" time="0.092">
        <error
                message="Cannot invoke &quot;com.google.common.base.Supplier.get()&quot; because the return value of &quot;java.util.Map.get(Object)&quot; is null"
                type="java.lang.NullPointerException">
            <![CDATA[java.lang.NullPointerException: Cannot invoke "com.google.common.base.Supplier.get()" because the return value of "java.util.Map.get(Object)" is null
at com.udemy.java.supplier.DriverFactory.getDriver(DriverFactory.java:32)
at com.udemy.java.test.PriceTableTest.setDriver(PriceTableTest.java:21)
at java.base/jdk.internal.reflect.NativeMethodAccessorImpl.invoke0(Native Method)
at java.base/jdk.internal.reflect.NativeMethodAccessorImpl.invoke(NativeMethodAccessorImpl.java:77)
at java.base/jdk.internal.reflect.DelegatingMethodAccessorImpl.invoke(DelegatingMethodAccessorImpl.java:43)
at java.base/java.lang.reflect.Method.invoke(Method.java:568)
at org.testng.internal.invokers.MethodInvocationHelper.invokeMethod(MethodInvocationHelper.java:139)
at org.testng.internal.invokers.MethodInvocationHelper.invokeMethodConsideringTimeout(MethodInvocationHelper.java:69)
at org.testng.internal.invokers.ConfigInvoker.invokeConfigurationMethod(ConfigInvoker.java:390)
at org.testng.internal.invokers.ConfigInvoker.invokeConfigurations(ConfigInvoker.java:325)
at org.testng.TestRunner.invokeTestConfigurations(TestRunner.java:663)
at org.testng.TestRunner.beforeRun(TestRunner.java:652)
at org.testng.TestRunner.run(TestRunner.java:614)
at org.testng.SuiteRunner.runTest(SuiteRunner.java:443)
at org.testng.SuiteRunner.runSequentially(SuiteRunner.java:437)
at org.testng.SuiteRunner.privateRun(SuiteRunner.java:397)
at org.testng.SuiteRunner.run(SuiteRunner.java:336)
at org.testng.SuiteRunnerWorker.runSuite(SuiteRunnerWorker.java:52)
at org.testng.SuiteRunnerWorker.run(SuiteRunnerWorker.java:95)
at org.testng.TestNG.runSuitesSequentially(TestNG.java:1280)
at org.testng.TestNG.runSuitesLocally(TestNG.java:1200)
at org.testng.TestNG.runSuites(TestNG.java:1114)
at org.testng.TestNG.run(TestNG.java:1082)
at org.testng.remote.AbstractRemoteTestNG.run(AbstractRemoteTestNG.java:115)
at org.testng.remote.RemoteTestNG.initAndRun(RemoteTestNG.java:251)
at org.testng.remote.RemoteTestNG.main(RemoteTestNG.java:77)
]]>
        </error>
    </testcase> <!-- setDriver -->
    <testcase classname="com.udemy.java.test.PriceTableTest" name="minPriceTest" time="0.000">
        <skipped/>
    </testcase> <!-- minPriceTest -->
</testsuite> <!-- com.udemy.java.test.PriceTableTest -->
